[debug] [2022-08-30T07:57:20.744Z] ----------------------------------------------------------------------
[debug] [2022-08-30T07:57:20.746Z] Command:       C:\Program Files\nodejs\node.exe C:\Users\JDF\AppData\Roaming\npm\node_modules\firebase-tools\lib\bin\firebase.js init
[debug] [2022-08-30T07:57:20.746Z] CLI Version:   10.9.2
[debug] [2022-08-30T07:57:20.746Z] Platform:      win32
[debug] [2022-08-30T07:57:20.746Z] Node Version:  v14.17.6
[debug] [2022-08-30T07:57:20.747Z] Time:          Tue Aug 30 2022 02:57:20 GMT-0500 (hora de Ecuador)
[debug] [2022-08-30T07:57:20.747Z] ----------------------------------------------------------------------
[debug] 
[debug] [2022-08-30T07:57:20.804Z] > command requires scopes: ["email","openid","https://www.googleapis.com/auth/cloudplatformprojects.readonly","https://www.googleapis.com/auth/firebase","https://www.googleapis.com/auth/cloud-platform"]
[debug] [2022-08-30T07:57:20.804Z] > authorizing via signed-in user (weygo.ceo@gmail.com)
[info] 
     ######## #### ########  ######## ########     ###     ######  ########
     ##        ##  ##     ## ##       ##     ##  ##   ##  ##       ##
     ######    ##  ########  ######   ########  #########  ######  ######
     ##        ##  ##    ##  ##       ##     ## ##     ##       ## ##
     ##       #### ##     ## ######## ########  ##     ##  ######  ########

You're about to initialize a Firebase project in this directory:

  C:\Users\JDF\Desktop\vq2\ventasquito

Before we get started, keep in mind:

  * You are initializing within an existing Firebase project directory

